0 info it worked if it ends with ok
1 verbose cli [ 'node',
1 verbose cli   '/usr/local/bin/npm',
1 verbose cli   'install',
1 verbose cli   'karma-ng-html2js-preprocessor',
1 verbose cli   '--save-dev' ]
2 info using npm@1.4.21
3 info using node@v0.10.30
4 error Failed to parse json
4 error Unexpected token }
5 error File: /Users/BrianDavidArpie/repos/light-up-chessboard/package.json
6 error Failed to parse package.json data.
6 error package.json must be actual JSON, not just JavaScript.
6 error
6 error This is not a bug in npm.
6 error Tell the package author to fix their package.json file. JSON.parse
7 error System Darwin 15.0.0
8 error command "node" "/usr/local/bin/npm" "install" "karma-ng-html2js-preprocessor" "--save-dev"
9 error cwd /Users/BrianDavidArpie/repos/light-up-chessboard
10 error node -v v0.10.30
11 error npm -v 1.4.21
12 error file /Users/BrianDavidArpie/repos/light-up-chessboard/package.json
13 error code EJSONPARSE
14 verbose exit [ 1, true ]
